{"/Volumes/Akils_Drive/Akils harddrive/Programming/Courses/MERN/ecommerce/app.js": {"path":"/Volumes/Akils_Drive/Akils harddrive/Programming/Courses/MERN/ecommerce/app.js","statementMap":{"0":{"start":{"line":1,"column":16},"end":{"line":1,"column":34}},"1":{"start":{"line":2,"column":0},"end":{"line":2,"column":26}},"2":{"start":{"line":3,"column":17},"end":{"line":3,"column":36}},"3":{"start":{"line":4,"column":15},"end":{"line":4,"column":32}},"4":{"start":{"line":5,"column":21},"end":{"line":5,"column":45}},"5":{"start":{"line":6,"column":25},"end":{"line":6,"column":53}},"6":{"start":{"line":8,"column":19},"end":{"line":8,"column":43}},"7":{"start":{"line":9,"column":19},"end":{"line":9,"column":43}},"8":{"start":{"line":10,"column":23},"end":{"line":10,"column":51}},"9":{"start":{"line":11,"column":22},"end":{"line":11,"column":49}},"10":{"start":{"line":13,"column":12},"end":{"line":13,"column":21}},"11":{"start":{"line":15,"column":0},"end":{"line":15,"column":158}},"12":{"start":{"line":15,"column":130},"end":{"line":15,"column":157}},"13":{"start":{"line":17,"column":0},"end":{"line":19,"column":2}},"14":{"start":{"line":18,"column":4},"end":{"line":18,"column":54}},"15":{"start":{"line":23,"column":0},"end":{"line":23,"column":22}},"16":{"start":{"line":24,"column":0},"end":{"line":24,"column":23}},"17":{"start":{"line":25,"column":0},"end":{"line":25,"column":23}},"18":{"start":{"line":26,"column":0},"end":{"line":26,"column":27}},"19":{"start":{"line":29,"column":0},"end":{"line":29,"column":26}},"20":{"start":{"line":30,"column":0},"end":{"line":30,"column":26}},"21":{"start":{"line":31,"column":0},"end":{"line":31,"column":30}},"22":{"start":{"line":32,"column":0},"end":{"line":32,"column":29}},"23":{"start":{"line":34,"column":0},"end":{"line":34,"column":20}}},"fnMap":{"0":{"name":"(anonymous_0)","decl":{"start":{"line":15,"column":124},"end":{"line":15,"column":125}},"loc":{"start":{"line":15,"column":130},"end":{"line":15,"column":157}},"line":15},"1":{"name":"(anonymous_1)","decl":{"start":{"line":17,"column":32},"end":{"line":17,"column":33}},"loc":{"start":{"line":17,"column":39},"end":{"line":19,"column":1}},"line":17}},"branchMap":{},"s":{"0":4,"1":4,"2":4,"3":4,"4":4,"5":4,"6":4,"7":4,"8":4,"9":4,"10":4,"11":4,"12":4,"13":4,"14":0,"15":4,"16":4,"17":4,"18":4,"19":4,"20":4,"21":4,"22":4,"23":4},"f":{"0":4,"1":0},"b":{},"_coverageSchema":"1a1c01bbd47fc00a2c39e90264f33305004495a9","hash":"306317d7730cc47bffad60f4dd9db5cb81696b2d"}
,"/Volumes/Akils_Drive/Akils harddrive/Programming/Courses/MERN/ecommerce/controllers/auth.js": {"path":"/Volumes/Akils_Drive/Akils harddrive/Programming/Courses/MERN/ecommerce/controllers/auth.js","statementMap":{"0":{"start":{"line":1,"column":13},"end":{"line":1,"column":38}},"1":{"start":{"line":2,"column":0},"end":{"line":2,"column":26}},"2":{"start":{"line":3,"column":12},"end":{"line":3,"column":35}},"3":{"start":{"line":4,"column":19},"end":{"line":4,"column":41}},"4":{"start":{"line":5,"column":23},"end":{"line":5,"column":60}},"5":{"start":{"line":7,"column":0},"end":{"line":22,"column":1}},"6":{"start":{"line":9,"column":17},"end":{"line":9,"column":31}},"7":{"start":{"line":10,"column":4},"end":{"line":21,"column":6}},"8":{"start":{"line":11,"column":8},"end":{"line":15,"column":9}},"9":{"start":{"line":12,"column":12},"end":{"line":14,"column":14}},"10":{"start":{"line":16,"column":8},"end":{"line":16,"column":29}},"11":{"start":{"line":17,"column":8},"end":{"line":17,"column":40}},"12":{"start":{"line":18,"column":8},"end":{"line":20,"column":10}},"13":{"start":{"line":23,"column":0},"end":{"line":46,"column":1}},"14":{"start":{"line":24,"column":30},"end":{"line":24,"column":38}},"15":{"start":{"line":25,"column":4},"end":{"line":45,"column":6}},"16":{"start":{"line":26,"column":8},"end":{"line":30,"column":9}},"17":{"start":{"line":27,"column":12},"end":{"line":29,"column":14}},"18":{"start":{"line":33,"column":8},"end":{"line":37,"column":9}},"19":{"start":{"line":34,"column":12},"end":{"line":36,"column":14}},"20":{"start":{"line":39,"column":22},"end":{"line":39,"column":73}},"21":{"start":{"line":41,"column":8},"end":{"line":41,"column":63}},"22":{"start":{"line":43,"column":43},"end":{"line":43,"column":47}},"23":{"start":{"line":44,"column":8},"end":{"line":44,"column":64}},"24":{"start":{"line":48,"column":0},"end":{"line":51,"column":1}},"25":{"start":{"line":49,"column":4},"end":{"line":49,"column":24}},"26":{"start":{"line":50,"column":4},"end":{"line":50,"column":42}},"27":{"start":{"line":53,"column":0},"end":{"line":57,"column":3}},"28":{"start":{"line":59,"column":0},"end":{"line":67,"column":1}},"29":{"start":{"line":60,"column":15},"end":{"line":60,"column":73}},"30":{"start":{"line":61,"column":4},"end":{"line":65,"column":5}},"31":{"start":{"line":62,"column":8},"end":{"line":64,"column":10}},"32":{"start":{"line":66,"column":8},"end":{"line":66,"column":14}},"33":{"start":{"line":69,"column":0},"end":{"line":76,"column":1}},"34":{"start":{"line":70,"column":4},"end":{"line":74,"column":5}},"35":{"start":{"line":71,"column":8},"end":{"line":73,"column":10}},"36":{"start":{"line":75,"column":4},"end":{"line":75,"column":10}}},"fnMap":{"0":{"name":"(anonymous_0)","decl":{"start":{"line":7,"column":17},"end":{"line":7,"column":18}},"loc":{"start":{"line":7,"column":31},"end":{"line":22,"column":1}},"line":7},"1":{"name":"(anonymous_1)","decl":{"start":{"line":10,"column":14},"end":{"line":10,"column":15}},"loc":{"start":{"line":10,"column":31},"end":{"line":21,"column":5}},"line":10},"2":{"name":"(anonymous_2)","decl":{"start":{"line":23,"column":17},"end":{"line":23,"column":18}},"loc":{"start":{"line":23,"column":31},"end":{"line":46,"column":1}},"line":23},"3":{"name":"(anonymous_3)","decl":{"start":{"line":25,"column":28},"end":{"line":25,"column":29}},"loc":{"start":{"line":25,"column":45},"end":{"line":45,"column":5}},"line":25},"4":{"name":"(anonymous_4)","decl":{"start":{"line":48,"column":18},"end":{"line":48,"column":19}},"loc":{"start":{"line":48,"column":32},"end":{"line":51,"column":1}},"line":48},"5":{"name":"(anonymous_5)","decl":{"start":{"line":59,"column":17},"end":{"line":59,"column":18}},"loc":{"start":{"line":59,"column":37},"end":{"line":67,"column":1}},"line":59},"6":{"name":"(anonymous_6)","decl":{"start":{"line":69,"column":18},"end":{"line":69,"column":19}},"loc":{"start":{"line":69,"column":38},"end":{"line":76,"column":1}},"line":69}},"branchMap":{"0":{"loc":{"start":{"line":11,"column":8},"end":{"line":15,"column":9}},"type":"if","locations":[{"start":{"line":11,"column":8},"end":{"line":15,"column":9}},{"start":{"line":11,"column":8},"end":{"line":15,"column":9}}],"line":11},"1":{"loc":{"start":{"line":26,"column":8},"end":{"line":30,"column":9}},"type":"if","locations":[{"start":{"line":26,"column":8},"end":{"line":30,"column":9}},{"start":{"line":26,"column":8},"end":{"line":30,"column":9}}],"line":26},"2":{"loc":{"start":{"line":26,"column":12},"end":{"line":26,"column":26}},"type":"binary-expr","locations":[{"start":{"line":26,"column":12},"end":{"line":26,"column":17}},{"start":{"line":26,"column":21},"end":{"line":26,"column":26}}],"line":26},"3":{"loc":{"start":{"line":33,"column":8},"end":{"line":37,"column":9}},"type":"if","locations":[{"start":{"line":33,"column":8},"end":{"line":37,"column":9}},{"start":{"line":33,"column":8},"end":{"line":37,"column":9}}],"line":33},"4":{"loc":{"start":{"line":60,"column":15},"end":{"line":60,"column":73}},"type":"binary-expr","locations":[{"start":{"line":60,"column":15},"end":{"line":60,"column":26}},{"start":{"line":60,"column":30},"end":{"line":60,"column":38}},{"start":{"line":60,"column":42},"end":{"line":60,"column":73}}],"line":60},"5":{"loc":{"start":{"line":61,"column":4},"end":{"line":65,"column":5}},"type":"if","locations":[{"start":{"line":61,"column":4},"end":{"line":65,"column":5}},{"start":{"line":61,"column":4},"end":{"line":65,"column":5}}],"line":61},"6":{"loc":{"start":{"line":70,"column":4},"end":{"line":74,"column":5}},"type":"if","locations":[{"start":{"line":70,"column":4},"end":{"line":74,"column":5}},{"start":{"line":70,"column":4},"end":{"line":74,"column":5}}],"line":70}},"s":{"0":4,"1":4,"2":4,"3":4,"4":4,"5":4,"6":3,"7":3,"8":3,"9":1,"10":2,"11":2,"12":2,"13":4,"14":6,"15":6,"16":6,"17":0,"18":6,"19":0,"20":6,"21":6,"22":6,"23":6,"24":4,"25":0,"26":0,"27":4,"28":4,"29":6,"30":6,"31":0,"32":6,"33":4,"34":6,"35":1,"36":5},"f":{"0":3,"1":3,"2":6,"3":6,"4":0,"5":6,"6":6},"b":{"0":[1,2],"1":[0,6],"2":[6,6],"3":[0,6],"4":[6,6,6],"5":[0,6],"6":[1,5]},"_coverageSchema":"1a1c01bbd47fc00a2c39e90264f33305004495a9","hash":"2ed0a8421e1c85012af5a023c0c46078379ef676"}
,"/Volumes/Akils_Drive/Akils harddrive/Programming/Courses/MERN/ecommerce/controllers/category.js": {"path":"/Volumes/Akils_Drive/Akils harddrive/Programming/Courses/MERN/ecommerce/controllers/category.js","statementMap":{"0":{"start":{"line":1,"column":25},"end":{"line":1,"column":62}},"1":{"start":{"line":2,"column":17},"end":{"line":2,"column":46}},"2":{"start":{"line":4,"column":0},"end":{"line":14,"column":1}},"3":{"start":{"line":5,"column":21},"end":{"line":5,"column":43}},"4":{"start":{"line":6,"column":4},"end":{"line":13,"column":6}},"5":{"start":{"line":7,"column":8},"end":{"line":11,"column":9}},"6":{"start":{"line":8,"column":12},"end":{"line":10,"column":14}},"7":{"start":{"line":12,"column":8},"end":{"line":12,"column":24}}},"fnMap":{"0":{"name":"(anonymous_0)","decl":{"start":{"line":4,"column":17},"end":{"line":4,"column":18}},"loc":{"start":{"line":4,"column":31},"end":{"line":14,"column":1}},"line":4},"1":{"name":"(anonymous_1)","decl":{"start":{"line":6,"column":18},"end":{"line":6,"column":19}},"loc":{"start":{"line":6,"column":33},"end":{"line":13,"column":5}},"line":6}},"branchMap":{"0":{"loc":{"start":{"line":7,"column":8},"end":{"line":11,"column":9}},"type":"if","locations":[{"start":{"line":7,"column":8},"end":{"line":11,"column":9}},{"start":{"line":7,"column":8},"end":{"line":11,"column":9}}],"line":7}},"s":{"0":4,"1":4,"2":4,"3":1,"4":1,"5":1,"6":0,"7":1},"f":{"0":1,"1":1},"b":{"0":[0,1]},"_coverageSchema":"1a1c01bbd47fc00a2c39e90264f33305004495a9","hash":"1be57c32d6a4da8e34b75e6de5ae9e911d5b913d"}
,"/Volumes/Akils_Drive/Akils harddrive/Programming/Courses/MERN/ecommerce/controllers/product.js": {"path":"/Volumes/Akils_Drive/Akils harddrive/Programming/Courses/MERN/ecommerce/controllers/product.js","statementMap":{"0":{"start":{"line":1,"column":19},"end":{"line":1,"column":40}},"1":{"start":{"line":2,"column":11},"end":{"line":2,"column":24}},"2":{"start":{"line":3,"column":25},"end":{"line":3,"column":62}},"3":{"start":{"line":4,"column":16},"end":{"line":4,"column":44}},"4":{"start":{"line":5,"column":16},"end":{"line":5,"column":44}},"5":{"start":{"line":7,"column":0},"end":{"line":17,"column":1}},"6":{"start":{"line":8,"column":4},"end":{"line":16,"column":6}},"7":{"start":{"line":9,"column":8},"end":{"line":13,"column":9}},"8":{"start":{"line":10,"column":12},"end":{"line":12,"column":14}},"9":{"start":{"line":14,"column":8},"end":{"line":14,"column":29}},"10":{"start":{"line":15,"column":8},"end":{"line":15,"column":14}},"11":{"start":{"line":19,"column":0},"end":{"line":22,"column":1}},"12":{"start":{"line":20,"column":4},"end":{"line":20,"column":33}},"13":{"start":{"line":21,"column":4},"end":{"line":21,"column":32}},"14":{"start":{"line":24,"column":0},"end":{"line":64,"column":1}},"15":{"start":{"line":25,"column":15},"end":{"line":25,"column":42}},"16":{"start":{"line":26,"column":4},"end":{"line":26,"column":30}},"17":{"start":{"line":27,"column":4},"end":{"line":63,"column":6}},"18":{"start":{"line":28,"column":8},"end":{"line":32,"column":9}},"19":{"start":{"line":29,"column":12},"end":{"line":31,"column":14}},"20":{"start":{"line":34,"column":75},"end":{"line":34,"column":81}},"21":{"start":{"line":36,"column":8},"end":{"line":40,"column":9}},"22":{"start":{"line":37,"column":12},"end":{"line":39,"column":14}},"23":{"start":{"line":42,"column":22},"end":{"line":42,"column":41}},"24":{"start":{"line":44,"column":8},"end":{"line":53,"column":9}},"25":{"start":{"line":45,"column":12},"end":{"line":45,"column":37}},"26":{"start":{"line":46,"column":12},"end":{"line":50,"column":13}},"27":{"start":{"line":47,"column":16},"end":{"line":49,"column":18}},"28":{"start":{"line":51,"column":12},"end":{"line":51,"column":66}},"29":{"start":{"line":52,"column":12},"end":{"line":52,"column":56}},"30":{"start":{"line":55,"column":8},"end":{"line":62,"column":10}},"31":{"start":{"line":56,"column":12},"end":{"line":60,"column":13}},"32":{"start":{"line":57,"column":16},"end":{"line":59,"column":18}},"33":{"start":{"line":61,"column":12},"end":{"line":61,"column":28}}},"fnMap":{"0":{"name":"(anonymous_0)","decl":{"start":{"line":7,"column":22},"end":{"line":7,"column":23}},"loc":{"start":{"line":7,"column":46},"end":{"line":17,"column":1}},"line":7},"1":{"name":"(anonymous_1)","decl":{"start":{"line":8,"column":30},"end":{"line":8,"column":31}},"loc":{"start":{"line":8,"column":48},"end":{"line":16,"column":5}},"line":8},"2":{"name":"(anonymous_2)","decl":{"start":{"line":19,"column":15},"end":{"line":19,"column":16}},"loc":{"start":{"line":19,"column":29},"end":{"line":22,"column":1}},"line":19},"3":{"name":"(anonymous_3)","decl":{"start":{"line":24,"column":17},"end":{"line":24,"column":18}},"loc":{"start":{"line":24,"column":31},"end":{"line":64,"column":1}},"line":24},"4":{"name":"(anonymous_4)","decl":{"start":{"line":27,"column":20},"end":{"line":27,"column":21}},"loc":{"start":{"line":27,"column":44},"end":{"line":63,"column":5}},"line":27},"5":{"name":"(anonymous_5)","decl":{"start":{"line":55,"column":21},"end":{"line":55,"column":22}},"loc":{"start":{"line":55,"column":38},"end":{"line":62,"column":9}},"line":55}},"branchMap":{"0":{"loc":{"start":{"line":9,"column":8},"end":{"line":13,"column":9}},"type":"if","locations":[{"start":{"line":9,"column":8},"end":{"line":13,"column":9}},{"start":{"line":9,"column":8},"end":{"line":13,"column":9}}],"line":9},"1":{"loc":{"start":{"line":9,"column":12},"end":{"line":9,"column":27}},"type":"binary-expr","locations":[{"start":{"line":9,"column":12},"end":{"line":9,"column":15}},{"start":{"line":9,"column":19},"end":{"line":9,"column":27}}],"line":9},"2":{"loc":{"start":{"line":28,"column":8},"end":{"line":32,"column":9}},"type":"if","locations":[{"start":{"line":28,"column":8},"end":{"line":32,"column":9}},{"start":{"line":28,"column":8},"end":{"line":32,"column":9}}],"line":28},"3":{"loc":{"start":{"line":36,"column":8},"end":{"line":40,"column":9}},"type":"if","locations":[{"start":{"line":36,"column":8},"end":{"line":40,"column":9}},{"start":{"line":36,"column":8},"end":{"line":40,"column":9}}],"line":36},"4":{"loc":{"start":{"line":36,"column":12},"end":{"line":36,"column":82}},"type":"binary-expr","locations":[{"start":{"line":36,"column":12},"end":{"line":36,"column":17}},{"start":{"line":36,"column":21},"end":{"line":36,"column":33}},{"start":{"line":36,"column":37},"end":{"line":36,"column":43}},{"start":{"line":36,"column":47},"end":{"line":36,"column":56}},{"start":{"line":36,"column":60},"end":{"line":36,"column":69}},{"start":{"line":36,"column":73},"end":{"line":36,"column":82}}],"line":36},"5":{"loc":{"start":{"line":44,"column":8},"end":{"line":53,"column":9}},"type":"if","locations":[{"start":{"line":44,"column":8},"end":{"line":53,"column":9}},{"start":{"line":44,"column":8},"end":{"line":53,"column":9}}],"line":44},"6":{"loc":{"start":{"line":46,"column":12},"end":{"line":50,"column":13}},"type":"if","locations":[{"start":{"line":46,"column":12},"end":{"line":50,"column":13}},{"start":{"line":46,"column":12},"end":{"line":50,"column":13}}],"line":46},"7":{"loc":{"start":{"line":56,"column":12},"end":{"line":60,"column":13}},"type":"if","locations":[{"start":{"line":56,"column":12},"end":{"line":60,"column":13}},{"start":{"line":56,"column":12},"end":{"line":60,"column":13}}],"line":56}},"s":{"0":4,"1":4,"2":4,"3":4,"4":4,"5":4,"6":1,"7":1,"8":0,"9":1,"10":1,"11":4,"12":1,"13":1,"14":4,"15":3,"16":3,"17":3,"18":3,"19":0,"20":3,"21":3,"22":1,"23":2,"24":2,"25":0,"26":0,"27":0,"28":0,"29":0,"30":2,"31":2,"32":0,"33":2},"f":{"0":1,"1":1,"2":1,"3":3,"4":3,"5":2},"b":{"0":[0,1],"1":[1,1],"2":[0,3],"3":[1,2],"4":[3,3,2,2,2,2],"5":[0,2],"6":[0,0],"7":[0,2]},"_coverageSchema":"1a1c01bbd47fc00a2c39e90264f33305004495a9","hash":"821d71ac1b51e5af4b1019668659d442c13da63a"}
,"/Volumes/Akils_Drive/Akils harddrive/Programming/Courses/MERN/ecommerce/controllers/user.js": {"path":"/Volumes/Akils_Drive/Akils harddrive/Programming/Courses/MERN/ecommerce/controllers/user.js","statementMap":{"0":{"start":{"line":1,"column":13},"end":{"line":1,"column":38}},"1":{"start":{"line":3,"column":0},"end":{"line":13,"column":1}},"2":{"start":{"line":4,"column":4},"end":{"line":12,"column":6}},"3":{"start":{"line":5,"column":8},"end":{"line":9,"column":9}},"4":{"start":{"line":6,"column":12},"end":{"line":8,"column":14}},"5":{"start":{"line":10,"column":8},"end":{"line":10,"column":26}},"6":{"start":{"line":11,"column":8},"end":{"line":11,"column":14}}},"fnMap":{"0":{"name":"(anonymous_0)","decl":{"start":{"line":3,"column":19},"end":{"line":3,"column":20}},"loc":{"start":{"line":3,"column":43},"end":{"line":13,"column":1}},"line":3},"1":{"name":"(anonymous_1)","decl":{"start":{"line":4,"column":27},"end":{"line":4,"column":28}},"loc":{"start":{"line":4,"column":42},"end":{"line":12,"column":5}},"line":4}},"branchMap":{"0":{"loc":{"start":{"line":5,"column":8},"end":{"line":9,"column":9}},"type":"if","locations":[{"start":{"line":5,"column":8},"end":{"line":9,"column":9}},{"start":{"line":5,"column":8},"end":{"line":9,"column":9}}],"line":5},"1":{"loc":{"start":{"line":5,"column":12},"end":{"line":5,"column":24}},"type":"binary-expr","locations":[{"start":{"line":5,"column":12},"end":{"line":5,"column":15}},{"start":{"line":5,"column":19},"end":{"line":5,"column":24}}],"line":5}},"s":{"0":4,"1":4,"2":6,"3":6,"4":0,"5":6,"6":6},"f":{"0":6,"1":6},"b":{"0":[0,6],"1":[6,6]},"_coverageSchema":"1a1c01bbd47fc00a2c39e90264f33305004495a9","hash":"e5545a8243694aea4ff45b9e825f843c65ac9a2b"}
,"/Volumes/Akils_Drive/Akils harddrive/Programming/Courses/MERN/ecommerce/helpers/dbErrorsHandler.js": {"path":"/Volumes/Akils_Drive/Akils harddrive/Programming/Courses/MERN/ecommerce/helpers/dbErrorsHandler.js","statementMap":{"0":{"start":{"line":6,"column":22},"end":{"line":22,"column":1}},"1":{"start":{"line":8,"column":4},"end":{"line":19,"column":5}},"2":{"start":{"line":9,"column":24},"end":{"line":12,"column":9}},"3":{"start":{"line":13,"column":8},"end":{"line":16,"column":30}},"4":{"start":{"line":18,"column":8},"end":{"line":18,"column":47}},"5":{"start":{"line":21,"column":4},"end":{"line":21,"column":18}},"6":{"start":{"line":27,"column":0},"end":{"line":47,"column":2}},"7":{"start":{"line":28,"column":18},"end":{"line":28,"column":20}},"8":{"start":{"line":30,"column":4},"end":{"line":44,"column":5}},"9":{"start":{"line":31,"column":8},"end":{"line":38,"column":9}},"10":{"start":{"line":34,"column":16},"end":{"line":34,"column":47}},"11":{"start":{"line":35,"column":16},"end":{"line":35,"column":22}},"12":{"start":{"line":37,"column":16},"end":{"line":37,"column":49}},"13":{"start":{"line":40,"column":8},"end":{"line":43,"column":9}},"14":{"start":{"line":41,"column":12},"end":{"line":42,"column":58}},"15":{"start":{"line":42,"column":16},"end":{"line":42,"column":58}},"16":{"start":{"line":46,"column":4},"end":{"line":46,"column":19}}},"fnMap":{"0":{"name":"(anonymous_0)","decl":{"start":{"line":6,"column":22},"end":{"line":6,"column":23}},"loc":{"start":{"line":6,"column":31},"end":{"line":22,"column":1}},"line":6},"1":{"name":"(anonymous_1)","decl":{"start":{"line":27,"column":23},"end":{"line":27,"column":24}},"loc":{"start":{"line":27,"column":32},"end":{"line":47,"column":1}},"line":27}},"branchMap":{"0":{"loc":{"start":{"line":30,"column":4},"end":{"line":44,"column":5}},"type":"if","locations":[{"start":{"line":30,"column":4},"end":{"line":44,"column":5}},{"start":{"line":30,"column":4},"end":{"line":44,"column":5}}],"line":30},"1":{"loc":{"start":{"line":31,"column":8},"end":{"line":38,"column":9}},"type":"switch","locations":[{"start":{"line":32,"column":12},"end":{"line":32,"column":23}},{"start":{"line":33,"column":12},"end":{"line":35,"column":22}},{"start":{"line":36,"column":12},"end":{"line":37,"column":49}}],"line":31},"2":{"loc":{"start":{"line":41,"column":12},"end":{"line":42,"column":58}},"type":"if","locations":[{"start":{"line":41,"column":12},"end":{"line":42,"column":58}},{"start":{"line":41,"column":12},"end":{"line":42,"column":58}}],"line":41}},"s":{"0":4,"1":1,"2":1,"3":1,"4":0,"5":1,"6":4,"7":1,"8":1,"9":1,"10":1,"11":1,"12":0,"13":0,"14":0,"15":0,"16":1},"f":{"0":1,"1":1},"b":{"0":[1,0],"1":[1,1,0],"2":[0,0]},"_coverageSchema":"1a1c01bbd47fc00a2c39e90264f33305004495a9","hash":"bfa41ed0310a7da2bd3749308371692c512723e0"}
,"/Volumes/Akils_Drive/Akils harddrive/Programming/Courses/MERN/ecommerce/models/category.js": {"path":"/Volumes/Akils_Drive/Akils harddrive/Programming/Courses/MERN/ecommerce/models/category.js","statementMap":{"0":{"start":{"line":1,"column":17},"end":{"line":1,"column":36}},"1":{"start":{"line":3,"column":19},"end":{"line":11,"column":24}},"2":{"start":{"line":13,"column":0},"end":{"line":13,"column":55}}},"fnMap":{},"branchMap":{},"s":{"0":4,"1":4,"2":4},"f":{},"b":{},"_coverageSchema":"1a1c01bbd47fc00a2c39e90264f33305004495a9","hash":"071a07759e036dc8f37c3b34f6297eed8e87b738"}
,"/Volumes/Akils_Drive/Akils harddrive/Programming/Courses/MERN/ecommerce/models/product.js": {"path":"/Volumes/Akils_Drive/Akils harddrive/Programming/Courses/MERN/ecommerce/models/product.js","statementMap":{"0":{"start":{"line":1,"column":17},"end":{"line":1,"column":36}},"1":{"start":{"line":2,"column":19},"end":{"line":2,"column":34}},"2":{"start":{"line":4,"column":22},"end":{"line":39,"column":24}},"3":{"start":{"line":41,"column":0},"end":{"line":41,"column":57}}},"fnMap":{},"branchMap":{},"s":{"0":4,"1":4,"2":4,"3":4},"f":{},"b":{},"_coverageSchema":"1a1c01bbd47fc00a2c39e90264f33305004495a9","hash":"672363f620b31e66abf0508303c487012f4331dd"}
,"/Volumes/Akils_Drive/Akils harddrive/Programming/Courses/MERN/ecommerce/models/user.js": {"path":"/Volumes/Akils_Drive/Akils harddrive/Programming/Courses/MERN/ecommerce/models/user.js","statementMap":{"0":{"start":{"line":1,"column":17},"end":{"line":1,"column":36}},"1":{"start":{"line":2,"column":15},"end":{"line":2,"column":32}},"2":{"start":{"line":3,"column":15},"end":{"line":3,"column":30}},"3":{"start":{"line":5,"column":19},"end":{"line":36,"column":24}},"4":{"start":{"line":40,"column":0},"end":{"line":48,"column":6}},"5":{"start":{"line":42,"column":8},"end":{"line":42,"column":33}},"6":{"start":{"line":43,"column":8},"end":{"line":43,"column":31}},"7":{"start":{"line":44,"column":8},"end":{"line":44,"column":61}},"8":{"start":{"line":47,"column":4},"end":{"line":47,"column":25}},"9":{"start":{"line":50,"column":0},"end":{"line":63,"column":1}},"10":{"start":{"line":53,"column":8},"end":{"line":53,"column":71}},"11":{"start":{"line":56,"column":8},"end":{"line":56,"column":32}},"12":{"start":{"line":56,"column":23},"end":{"line":56,"column":32}},"13":{"start":{"line":57,"column":8},"end":{"line":61,"column":9}},"14":{"start":{"line":58,"column":12},"end":{"line":58,"column":86}},"15":{"start":{"line":60,"column":12},"end":{"line":60,"column":21}},"16":{"start":{"line":65,"column":0},"end":{"line":65,"column":51}}},"fnMap":{"0":{"name":"(anonymous_0)","decl":{"start":{"line":41,"column":9},"end":{"line":41,"column":10}},"loc":{"start":{"line":41,"column":29},"end":{"line":45,"column":5}},"line":41},"1":{"name":"(anonymous_1)","decl":{"start":{"line":46,"column":9},"end":{"line":46,"column":10}},"loc":{"start":{"line":46,"column":21},"end":{"line":48,"column":5}},"line":46},"2":{"name":"(anonymous_2)","decl":{"start":{"line":52,"column":18},"end":{"line":52,"column":19}},"loc":{"start":{"line":52,"column":39},"end":{"line":54,"column":5}},"line":52},"3":{"name":"(anonymous_3)","decl":{"start":{"line":55,"column":21},"end":{"line":55,"column":22}},"loc":{"start":{"line":55,"column":41},"end":{"line":62,"column":5}},"line":55}},"branchMap":{"0":{"loc":{"start":{"line":56,"column":8},"end":{"line":56,"column":32}},"type":"if","locations":[{"start":{"line":56,"column":8},"end":{"line":56,"column":32}},{"start":{"line":56,"column":8},"end":{"line":56,"column":32}}],"line":56}},"s":{"0":4,"1":4,"2":4,"3":4,"4":4,"5":3,"6":3,"7":3,"8":0,"9":4,"10":6,"11":9,"12":0,"13":9,"14":9,"15":0,"16":4},"f":{"0":3,"1":0,"2":6,"3":9},"b":{"0":[0,9]},"_coverageSchema":"1a1c01bbd47fc00a2c39e90264f33305004495a9","hash":"a967ca7d9fe6abbc1af2b269d3bbfb1a9f72d89f"}
,"/Volumes/Akils_Drive/Akils harddrive/Programming/Courses/MERN/ecommerce/routes/auth.js": {"path":"/Volumes/Akils_Drive/Akils harddrive/Programming/Courses/MERN/ecommerce/routes/auth.js","statementMap":{"0":{"start":{"line":1,"column":16},"end":{"line":1,"column":34}},"1":{"start":{"line":2,"column":15},"end":{"line":2,"column":31}},"2":{"start":{"line":4,"column":51},"end":{"line":4,"column":81}},"3":{"start":{"line":5,"column":30},"end":{"line":5,"column":53}},"4":{"start":{"line":7,"column":0},"end":{"line":7,"column":51}},"5":{"start":{"line":8,"column":0},"end":{"line":8,"column":30}},"6":{"start":{"line":9,"column":0},"end":{"line":9,"column":31}},"7":{"start":{"line":11,"column":0},"end":{"line":11,"column":23}}},"fnMap":{},"branchMap":{},"s":{"0":4,"1":4,"2":4,"3":4,"4":4,"5":4,"6":4,"7":4},"f":{},"b":{},"_coverageSchema":"1a1c01bbd47fc00a2c39e90264f33305004495a9","hash":"46b58700084ad1a2721f535cac12933c2c11eb9d"}
,"/Volumes/Akils_Drive/Akils harddrive/Programming/Courses/MERN/ecommerce/routes/category.js": {"path":"/Volumes/Akils_Drive/Akils harddrive/Programming/Courses/MERN/ecommerce/routes/category.js","statementMap":{"0":{"start":{"line":1,"column":16},"end":{"line":1,"column":34}},"1":{"start":{"line":2,"column":15},"end":{"line":2,"column":31}},"2":{"start":{"line":4,"column":43},"end":{"line":4,"column":73}},"3":{"start":{"line":5,"column":19},"end":{"line":5,"column":53}},"4":{"start":{"line":6,"column":19},"end":{"line":6,"column":49}},"5":{"start":{"line":8,"column":0},"end":{"line":8,"column":79}},"6":{"start":{"line":10,"column":0},"end":{"line":10,"column":32}},"7":{"start":{"line":12,"column":0},"end":{"line":12,"column":23}}},"fnMap":{},"branchMap":{},"s":{"0":4,"1":4,"2":4,"3":4,"4":4,"5":4,"6":4,"7":4},"f":{},"b":{},"_coverageSchema":"1a1c01bbd47fc00a2c39e90264f33305004495a9","hash":"c72ebd740797f8c225eed9ba48b5b4e5064ff7ba"}
,"/Volumes/Akils_Drive/Akils harddrive/Programming/Courses/MERN/ecommerce/routes/product.js": {"path":"/Volumes/Akils_Drive/Akils harddrive/Programming/Courses/MERN/ecommerce/routes/product.js","statementMap":{"0":{"start":{"line":1,"column":16},"end":{"line":1,"column":34}},"1":{"start":{"line":2,"column":15},"end":{"line":2,"column":31}},"2":{"start":{"line":4,"column":43},"end":{"line":4,"column":73}},"3":{"start":{"line":5,"column":38},"end":{"line":5,"column":71}},"4":{"start":{"line":6,"column":19},"end":{"line":6,"column":49}},"5":{"start":{"line":8,"column":0},"end":{"line":8,"column":39}},"6":{"start":{"line":9,"column":0},"end":{"line":9,"column":78}},"7":{"start":{"line":11,"column":0},"end":{"line":11,"column":32}},"8":{"start":{"line":12,"column":0},"end":{"line":12,"column":38}},"9":{"start":{"line":15,"column":0},"end":{"line":15,"column":23}}},"fnMap":{},"branchMap":{},"s":{"0":4,"1":4,"2":4,"3":4,"4":4,"5":4,"6":4,"7":4,"8":4,"9":4},"f":{},"b":{},"_coverageSchema":"1a1c01bbd47fc00a2c39e90264f33305004495a9","hash":"11768244092f5e12d3e1504529b1738ef33ebb31"}
,"/Volumes/Akils_Drive/Akils harddrive/Programming/Courses/MERN/ecommerce/routes/user.js": {"path":"/Volumes/Akils_Drive/Akils harddrive/Programming/Courses/MERN/ecommerce/routes/user.js","statementMap":{"0":{"start":{"line":1,"column":16},"end":{"line":1,"column":34}},"1":{"start":{"line":2,"column":15},"end":{"line":2,"column":31}},"2":{"start":{"line":3,"column":43},"end":{"line":3,"column":73}},"3":{"start":{"line":4,"column":21},"end":{"line":4,"column":51}},"4":{"start":{"line":6,"column":0},"end":{"line":10,"column":2}},"5":{"start":{"line":7,"column":4},"end":{"line":9,"column":6}},"6":{"start":{"line":12,"column":0},"end":{"line":12,"column":32}},"7":{"start":{"line":14,"column":0},"end":{"line":14,"column":23}}},"fnMap":{"0":{"name":"(anonymous_0)","decl":{"start":{"line":6,"column":62},"end":{"line":6,"column":63}},"loc":{"start":{"line":6,"column":76},"end":{"line":10,"column":1}},"line":6}},"branchMap":{},"s":{"0":4,"1":4,"2":4,"3":4,"4":4,"5":1,"6":4,"7":4},"f":{"0":1},"b":{},"_coverageSchema":"1a1c01bbd47fc00a2c39e90264f33305004495a9","hash":"40e30ca7df09d1b252575e81936557e3fe8e36e4"}
,"/Volumes/Akils_Drive/Akils harddrive/Programming/Courses/MERN/ecommerce/validator/index.js": {"path":"/Volumes/Akils_Drive/Akils harddrive/Programming/Courses/MERN/ecommerce/validator/index.js","statementMap":{"0":{"start":{"line":1,"column":0},"end":{"line":12,"column":1}},"1":{"start":{"line":2,"column":4},"end":{"line":2,"column":52}},"2":{"start":{"line":3,"column":4},"end":{"line":3,"column":57}},"3":{"start":{"line":4,"column":4},"end":{"line":4,"column":60}},"4":{"start":{"line":5,"column":4},"end":{"line":5,"column":166}},"5":{"start":{"line":6,"column":19},"end":{"line":6,"column":41}},"6":{"start":{"line":7,"column":4},"end":{"line":10,"column":5}},"7":{"start":{"line":8,"column":27},"end":{"line":8,"column":60}},"8":{"start":{"line":8,"column":47},"end":{"line":8,"column":56}},"9":{"start":{"line":9,"column":8},"end":{"line":9,"column":59}},"10":{"start":{"line":11,"column":4},"end":{"line":11,"column":11}}},"fnMap":{"0":{"name":"(anonymous_0)","decl":{"start":{"line":1,"column":30},"end":{"line":1,"column":31}},"loc":{"start":{"line":1,"column":50},"end":{"line":12,"column":1}},"line":1},"1":{"name":"(anonymous_1)","decl":{"start":{"line":8,"column":38},"end":{"line":8,"column":39}},"loc":{"start":{"line":8,"column":47},"end":{"line":8,"column":56}},"line":8}},"branchMap":{"0":{"loc":{"start":{"line":7,"column":4},"end":{"line":10,"column":5}},"type":"if","locations":[{"start":{"line":7,"column":4},"end":{"line":10,"column":5}},{"start":{"line":7,"column":4},"end":{"line":10,"column":5}}],"line":7}},"s":{"0":4,"1":4,"2":4,"3":4,"4":4,"5":4,"6":4,"7":1,"8":1,"9":1,"10":3},"f":{"0":4,"1":1},"b":{"0":[1,3]},"_coverageSchema":"1a1c01bbd47fc00a2c39e90264f33305004495a9","hash":"27da5fdb95e22e7bc675bfff3882ee7cdabb152e"}
}
