TN:
SF:app.js
FN:15,(anonymous_0)
FN:17,(anonymous_1)
FNF:2
FNH:1
FNDA:4,(anonymous_0)
FNDA:0,(anonymous_1)
DA:1,4
DA:2,4
DA:3,4
DA:4,4
DA:5,4
DA:6,4
DA:8,4
DA:9,4
DA:10,4
DA:11,4
DA:13,4
DA:15,4
DA:17,4
DA:18,0
DA:23,4
DA:24,4
DA:25,4
DA:26,4
DA:29,4
DA:30,4
DA:31,4
DA:32,4
DA:34,4
LF:23
LH:22
BRF:0
BRH:0
end_of_record
TN:
SF:controllers/auth.js
FN:7,(anonymous_0)
FN:10,(anonymous_1)
FN:23,(anonymous_2)
FN:25,(anonymous_3)
FN:48,(anonymous_4)
FN:59,(anonymous_5)
FN:69,(anonymous_6)
FNF:7
FNH:6
FNDA:3,(anonymous_0)
FNDA:3,(anonymous_1)
FNDA:6,(anonymous_2)
FNDA:6,(anonymous_3)
FNDA:0,(anonymous_4)
FNDA:6,(anonymous_5)
FNDA:6,(anonymous_6)
DA:1,4
DA:2,4
DA:3,4
DA:4,4
DA:5,4
DA:7,4
DA:9,3
DA:10,3
DA:11,3
DA:12,1
DA:16,2
DA:17,2
DA:18,2
DA:23,4
DA:24,6
DA:25,6
DA:26,6
DA:27,0
DA:33,6
DA:34,0
DA:39,6
DA:41,6
DA:43,6
DA:44,6
DA:48,4
DA:49,0
DA:50,0
DA:53,4
DA:59,4
DA:60,6
DA:61,6
DA:62,0
DA:66,6
DA:69,4
DA:70,6
DA:71,1
DA:75,5
LF:37
LH:32
BRDA:11,0,0,1
BRDA:11,0,1,2
BRDA:26,1,0,0
BRDA:26,1,1,6
BRDA:26,2,0,6
BRDA:26,2,1,6
BRDA:33,3,0,0
BRDA:33,3,1,6
BRDA:60,4,0,6
BRDA:60,4,1,6
BRDA:60,4,2,6
BRDA:61,5,0,0
BRDA:61,5,1,6
BRDA:70,6,0,1
BRDA:70,6,1,5
BRF:15
BRH:12
end_of_record
TN:
SF:controllers/category.js
FN:4,(anonymous_0)
FN:6,(anonymous_1)
FNF:2
FNH:2
FNDA:1,(anonymous_0)
FNDA:1,(anonymous_1)
DA:1,4
DA:2,4
DA:4,4
DA:5,1
DA:6,1
DA:7,1
DA:8,0
DA:12,1
LF:8
LH:7
BRDA:7,0,0,0
BRDA:7,0,1,1
BRF:2
BRH:1
end_of_record
TN:
SF:controllers/product.js
FN:7,(anonymous_0)
FN:8,(anonymous_1)
FN:19,(anonymous_2)
FN:24,(anonymous_3)
FN:27,(anonymous_4)
FN:55,(anonymous_5)
FNF:6
FNH:6
FNDA:1,(anonymous_0)
FNDA:1,(anonymous_1)
FNDA:1,(anonymous_2)
FNDA:3,(anonymous_3)
FNDA:3,(anonymous_4)
FNDA:2,(anonymous_5)
DA:1,4
DA:2,4
DA:3,4
DA:4,4
DA:5,4
DA:7,4
DA:8,1
DA:9,1
DA:10,0
DA:14,1
DA:15,1
DA:19,4
DA:20,1
DA:21,1
DA:24,4
DA:25,3
DA:26,3
DA:27,3
DA:28,3
DA:29,0
DA:34,3
DA:36,3
DA:37,1
DA:42,2
DA:44,2
DA:45,0
DA:46,0
DA:47,0
DA:51,0
DA:52,0
DA:55,2
DA:56,2
DA:57,0
DA:61,2
LF:34
LH:26
BRDA:9,0,0,0
BRDA:9,0,1,1
BRDA:9,1,0,1
BRDA:9,1,1,1
BRDA:28,2,0,0
BRDA:28,2,1,3
BRDA:36,3,0,1
BRDA:36,3,1,2
BRDA:36,4,0,3
BRDA:36,4,1,3
BRDA:36,4,2,2
BRDA:36,4,3,2
BRDA:36,4,4,2
BRDA:36,4,5,2
BRDA:44,5,0,0
BRDA:44,5,1,2
BRDA:46,6,0,0
BRDA:46,6,1,0
BRDA:56,7,0,0
BRDA:56,7,1,2
BRF:20
BRH:14
end_of_record
TN:
SF:controllers/user.js
FN:3,(anonymous_0)
FN:4,(anonymous_1)
FNF:2
FNH:2
FNDA:6,(anonymous_0)
FNDA:6,(anonymous_1)
DA:1,4
DA:3,4
DA:4,6
DA:5,6
DA:6,0
DA:10,6
DA:11,6
LF:7
LH:6
BRDA:5,0,0,0
BRDA:5,0,1,6
BRDA:5,1,0,6
BRDA:5,1,1,6
BRF:4
BRH:3
end_of_record
TN:
SF:helpers/dbErrorsHandler.js
FN:6,(anonymous_0)
FN:27,(anonymous_1)
FNF:2
FNH:2
FNDA:1,(anonymous_0)
FNDA:1,(anonymous_1)
DA:6,4
DA:8,1
DA:9,1
DA:13,1
DA:18,0
DA:21,1
DA:27,4
DA:28,1
DA:30,1
DA:31,1
DA:34,1
DA:35,1
DA:37,0
DA:40,0
DA:41,0
DA:42,0
DA:46,1
LF:17
LH:12
BRDA:30,0,0,1
BRDA:30,0,1,0
BRDA:31,1,0,1
BRDA:31,1,1,1
BRDA:31,1,2,0
BRDA:41,2,0,0
BRDA:41,2,1,0
BRF:7
BRH:3
end_of_record
TN:
SF:models/category.js
FNF:0
FNH:0
DA:1,4
DA:3,4
DA:13,4
LF:3
LH:3
BRF:0
BRH:0
end_of_record
TN:
SF:models/product.js
FNF:0
FNH:0
DA:1,4
DA:2,4
DA:4,4
DA:41,4
LF:4
LH:4
BRF:0
BRH:0
end_of_record
TN:
SF:models/user.js
FN:41,(anonymous_0)
FN:46,(anonymous_1)
FN:52,(anonymous_2)
FN:55,(anonymous_3)
FNF:4
FNH:3
FNDA:3,(anonymous_0)
FNDA:0,(anonymous_1)
FNDA:6,(anonymous_2)
FNDA:9,(anonymous_3)
DA:1,4
DA:2,4
DA:3,4
DA:5,4
DA:40,4
DA:42,3
DA:43,3
DA:44,3
DA:47,0
DA:50,4
DA:53,6
DA:56,9
DA:57,9
DA:58,9
DA:60,0
DA:65,4
LF:16
LH:14
BRDA:56,0,0,0
BRDA:56,0,1,9
BRF:2
BRH:1
end_of_record
TN:
SF:routes/auth.js
FNF:0
FNH:0
DA:1,4
DA:2,4
DA:4,4
DA:5,4
DA:7,4
DA:8,4
DA:9,4
DA:11,4
LF:8
LH:8
BRF:0
BRH:0
end_of_record
TN:
SF:routes/category.js
FNF:0
FNH:0
DA:1,4
DA:2,4
DA:4,4
DA:5,4
DA:6,4
DA:8,4
DA:10,4
DA:12,4
LF:8
LH:8
BRF:0
BRH:0
end_of_record
TN:
SF:routes/product.js
FNF:0
FNH:0
DA:1,4
DA:2,4
DA:4,4
DA:5,4
DA:6,4
DA:8,4
DA:9,4
DA:11,4
DA:12,4
DA:15,4
LF:10
LH:10
BRF:0
BRH:0
end_of_record
TN:
SF:routes/user.js
FN:6,(anonymous_0)
FNF:1
FNH:1
FNDA:1,(anonymous_0)
DA:1,4
DA:2,4
DA:3,4
DA:4,4
DA:6,4
DA:7,1
DA:12,4
DA:14,4
LF:8
LH:8
BRF:0
BRH:0
end_of_record
TN:
SF:validator/index.js
FN:1,(anonymous_0)
FN:8,(anonymous_1)
FNF:2
FNH:2
FNDA:4,(anonymous_0)
FNDA:1,(anonymous_1)
DA:1,4
DA:2,4
DA:3,4
DA:4,4
DA:5,4
DA:6,4
DA:7,4
DA:8,1
DA:9,1
DA:11,3
LF:10
LH:10
BRDA:7,0,0,1
BRDA:7,0,1,3
BRF:2
BRH:2
end_of_record
